<?xml version="1.0" encoding="UTF-8"?>
<testng-results skipped="0" failed="0" ignored="0" total="1" passed="1">
  <reporter-output>
  </reporter-output>
  <suite name="Default suite" duration-ms="16565" started-at="2021-07-14T17:35:59 IST" finished-at="2021-07-14T17:36:15 IST">
    <groups>
    </groups>
    <test name="Default test" duration-ms="16565" started-at="2021-07-14T17:35:59 IST" finished-at="2021-07-14T17:36:15 IST">
      <class name="DemoPackage.DemoTest">
        <test-method status="PASS" signature="launchBrowser()[pri:0, instance:DemoPackage.DemoTest@80169cf]" name="launchBrowser" is-config="true" duration-ms="11500" started-at="2021-07-14T17:35:59 IST" finished-at="2021-07-14T17:36:10 IST">
          <reporter-output>
          </reporter-output>
        </test-method> <!-- launchBrowser -->
        <test-method status="PASS" signature="openPage()[pri:0, instance:DemoPackage.DemoTest@80169cf]" name="openPage" duration-ms="1085" started-at="2021-07-14T17:36:10 IST" finished-at="2021-07-14T17:36:11 IST">
          <reporter-output>
          </reporter-output>
        </test-method> <!-- openPage -->
        <test-method status="PASS" signature="closeBrowser()[pri:0, instance:DemoPackage.DemoTest@80169cf]" name="closeBrowser" is-config="true" duration-ms="3847" started-at="2021-07-14T17:36:11 IST" finished-at="2021-07-14T17:36:15 IST">
          <reporter-output>
          </reporter-output>
        </test-method> <!-- closeBrowser -->
      </class> <!-- DemoPackage.DemoTest -->
    </test> <!-- Default test -->
  </suite> <!-- Default suite -->
</testng-results>
